<?xml version="1.0" encoding="UTF-8"?>
<!-- Generated by org.testng.reporters.JUnitReportReporter -->
<testsuite hostname="FIN-IT-LT-187" failures="0" tests="3" name="api.test.TestUser" time="9.575" errors="0" timestamp="2023-11-16T15:18:27 IST" skipped="0">
  <testcase classname="api.test.TestUser" name="queryExecution" time="3.317"/>
  <system-out/>
  <testcase classname="api.test.TestUser" name="tokenGeneraiton" time="4.788"/>
  <system-out/>
  <testcase classname="api.test.TestUser" name="papperlessAdhar" time="1.470"/>
  <system-out/>
</testsuite> <!-- api.test.TestUser -->
